{"level":"info","message":"Wed Oct 25 2017 17:48:30 GMT+0800 (CST) Executing (default): CREATE TABLE IF NOT EXISTS `Users` (`id` INTEGER auto_increment , `name` VARCHAR(255) NOT NULL, `password` VARCHAR(255) NOT NULL, `email` VARCHAR(255) NOT NULL UNIQUE, `created_at` DATETIME NOT NULL, `updated_at` DATETIME NOT NULL, UNIQUE `Users_email_unique` (`email`), PRIMARY KEY (`id`)) ENGINE=InnoDB;","timestamp":"2017-10-25T09:48:30.174Z"}
{"level":"info","message":"Wed Oct 25 2017 17:48:30 GMT+0800 (CST) Executing (default): SHOW INDEX FROM `Users`","timestamp":"2017-10-25T09:48:30.178Z"}
{"level":"info","message":"Wed Oct 25 2017 17:48:30 GMT+0800 (CST) Executing (default): CREATE TABLE IF NOT EXISTS `Tasks` (`id` INTEGER auto_increment , `title` VARCHAR(255) NOT NULL, `done` TINYINT(1) NOT NULL DEFAULT false, `created_at` DATETIME NOT NULL, `updated_at` DATETIME NOT NULL, `user_id` INTEGER, PRIMARY KEY (`id`), FOREIGN KEY (`user_id`) REFERENCES `Users` (`id`) ON DELETE SET NULL ON UPDATE CASCADE) ENGINE=InnoDB;","timestamp":"2017-10-25T09:48:30.183Z"}
{"level":"info","message":"Wed Oct 25 2017 17:48:30 GMT+0800 (CST) Executing (default): SHOW INDEX FROM `Tasks`","timestamp":"2017-10-25T09:48:30.227Z"}
{"level":"info","message":"Wed Oct 25 2017 17:49:17 GMT+0800 (CST) Executing (default): CREATE TABLE IF NOT EXISTS `Users` (`id` INTEGER auto_increment , `name` VARCHAR(255) NOT NULL, `password` VARCHAR(255) NOT NULL, `email` VARCHAR(255) NOT NULL UNIQUE, `created_at` DATETIME NOT NULL, `updated_at` DATETIME NOT NULL, UNIQUE `Users_email_unique` (`email`), PRIMARY KEY (`id`)) ENGINE=InnoDB;","timestamp":"2017-10-25T09:49:17.784Z"}
{"level":"info","message":"Wed Oct 25 2017 17:49:17 GMT+0800 (CST) Executing (default): SHOW INDEX FROM `Users`","timestamp":"2017-10-25T09:49:17.788Z"}
{"level":"info","message":"Wed Oct 25 2017 17:49:17 GMT+0800 (CST) Executing (default): CREATE TABLE IF NOT EXISTS `Tasks` (`id` INTEGER auto_increment , `title` VARCHAR(255) NOT NULL, `done` TINYINT(1) NOT NULL DEFAULT false, `created_at` DATETIME NOT NULL, `updated_at` DATETIME NOT NULL, `user_id` INTEGER, PRIMARY KEY (`id`), FOREIGN KEY (`user_id`) REFERENCES `Users` (`id`) ON DELETE SET NULL ON UPDATE CASCADE) ENGINE=InnoDB;","timestamp":"2017-10-25T09:49:17.793Z"}
{"level":"info","message":"Wed Oct 25 2017 17:49:17 GMT+0800 (CST) Executing (default): SHOW INDEX FROM `Tasks`","timestamp":"2017-10-25T09:49:17.794Z"}
{"level":"info","message":"Thu Oct 26 2017 08:53:13 GMT+0800 (CST) Executing (default): CREATE TABLE IF NOT EXISTS `Users` (`id` INTEGER NOT NULL auto_increment , `name` VARCHAR(255) NOT NULL, `password` VARCHAR(255) NOT NULL, `email` VARCHAR(255) NOT NULL UNIQUE, `created_at` DATETIME NOT NULL, `updated_at` DATETIME NOT NULL, UNIQUE `Users_email_unique` (`email`), PRIMARY KEY (`id`)) ENGINE=InnoDB;","timestamp":"2017-10-26T00:53:13.715Z"}
{"level":"info","message":"Thu Oct 26 2017 08:53:13 GMT+0800 (CST) Executing (default): SHOW INDEX FROM `Users`","timestamp":"2017-10-26T00:53:13.719Z"}
{"level":"info","message":"Thu Oct 26 2017 08:53:13 GMT+0800 (CST) Executing (default): CREATE TABLE IF NOT EXISTS `Tasks` (`id` INTEGER NOT NULL auto_increment , `title` VARCHAR(255) NOT NULL, `done` TINYINT(1) NOT NULL DEFAULT false, `created_at` DATETIME NOT NULL, `updated_at` DATETIME NOT NULL, PRIMARY KEY (`id`)) ENGINE=InnoDB;","timestamp":"2017-10-26T00:53:13.723Z"}
{"level":"info","message":"Thu Oct 26 2017 08:53:13 GMT+0800 (CST) Executing (default): SHOW INDEX FROM `Tasks`","timestamp":"2017-10-26T00:53:13.724Z"}
{"level":"info","message":"Thu Oct 26 2017 08:54:25 GMT+0800 (CST) Executing (default): CREATE TABLE IF NOT EXISTS `Users` (`id` INTEGER auto_increment , `name` VARCHAR(255) NOT NULL, `password` VARCHAR(255) NOT NULL, `email` VARCHAR(255) NOT NULL UNIQUE, `created_at` DATETIME NOT NULL, `updated_at` DATETIME NOT NULL, UNIQUE `Users_email_unique` (`email`), PRIMARY KEY (`id`)) ENGINE=InnoDB;","timestamp":"2017-10-26T00:54:25.526Z"}
{"level":"info","message":"Thu Oct 26 2017 08:54:25 GMT+0800 (CST) Executing (default): SHOW INDEX FROM `Users`","timestamp":"2017-10-26T00:54:25.531Z"}
{"level":"info","message":"Thu Oct 26 2017 08:54:25 GMT+0800 (CST) Executing (default): CREATE TABLE IF NOT EXISTS `Tasks` (`id` INTEGER auto_increment , `title` VARCHAR(255) NOT NULL, `done` TINYINT(1) NOT NULL DEFAULT false, `created_at` DATETIME NOT NULL, `updated_at` DATETIME NOT NULL, PRIMARY KEY (`id`)) ENGINE=InnoDB;","timestamp":"2017-10-26T00:54:25.536Z"}
{"level":"info","message":"Thu Oct 26 2017 08:54:25 GMT+0800 (CST) Executing (default): SHOW INDEX FROM `Tasks`","timestamp":"2017-10-26T00:54:25.538Z"}
{"level":"info","message":"Thu Oct 26 2017 09:03:35 GMT+0800 (CST) Executing (default): CREATE TABLE IF NOT EXISTS `Tasks` (`id` INTEGER auto_increment , `title` VARCHAR(255) NOT NULL, `done` TINYINT(1) NOT NULL DEFAULT false, `created_at` DATETIME NOT NULL, `updated_at` DATETIME NOT NULL, PRIMARY KEY (`id`)) ENGINE=InnoDB;","timestamp":"2017-10-26T01:03:35.888Z"}
{"level":"info","message":"Thu Oct 26 2017 09:03:35 GMT+0800 (CST) Executing (default): SHOW INDEX FROM `Tasks`","timestamp":"2017-10-26T01:03:35.892Z"}
{"level":"info","message":"Thu Oct 26 2017 09:03:35 GMT+0800 (CST) Executing (default): CREATE TABLE IF NOT EXISTS `Users` (`id` INTEGER auto_increment , `name` VARCHAR(255) NOT NULL, `password` VARCHAR(255) NOT NULL, `email` VARCHAR(255) NOT NULL UNIQUE, `created_at` DATETIME NOT NULL, `updated_at` DATETIME NOT NULL, UNIQUE `Users_email_unique` (`email`), PRIMARY KEY (`id`)) ENGINE=InnoDB;","timestamp":"2017-10-26T01:03:35.897Z"}
{"level":"info","message":"Thu Oct 26 2017 09:03:35 GMT+0800 (CST) Executing (default): SHOW INDEX FROM `Users`","timestamp":"2017-10-26T01:03:35.898Z"}
{"level":"info","message":"Thu Oct 26 2017 09:04:44 GMT+0800 (CST) Executing (default): CREATE TABLE IF NOT EXISTS `Tasks` (`id` INTEGER auto_increment , `title` VARCHAR(255) NOT NULL, `done` TINYINT(1) NOT NULL DEFAULT false, `created_at` DATETIME NOT NULL, `updated_at` DATETIME NOT NULL, PRIMARY KEY (`id`)) ENGINE=InnoDB;","timestamp":"2017-10-26T01:04:44.421Z"}
{"level":"info","message":"Thu Oct 26 2017 09:04:44 GMT+0800 (CST) Executing (default): SHOW INDEX FROM `Tasks`","timestamp":"2017-10-26T01:04:44.427Z"}
{"level":"info","message":"Thu Oct 26 2017 09:04:44 GMT+0800 (CST) Executing (default): CREATE TABLE IF NOT EXISTS `Users` (`id` INTEGER auto_increment , `name` VARCHAR(255) NOT NULL, `password` VARCHAR(255) NOT NULL, `email` VARCHAR(255) NOT NULL UNIQUE, `created_at` DATETIME NOT NULL, `updated_at` DATETIME NOT NULL, UNIQUE `Users_email_unique` (`email`), PRIMARY KEY (`id`)) ENGINE=InnoDB;","timestamp":"2017-10-26T01:04:44.432Z"}
{"level":"info","message":"Thu Oct 26 2017 09:04:44 GMT+0800 (CST) Executing (default): SHOW INDEX FROM `Users`","timestamp":"2017-10-26T01:04:44.433Z"}
{"level":"info","message":"Thu Oct 26 2017 09:05:19 GMT+0800 (CST) Executing (default): CREATE TABLE IF NOT EXISTS `Users` (`id` INTEGER auto_increment , `name` VARCHAR(255) NOT NULL, `password` VARCHAR(255) NOT NULL, `email` VARCHAR(255) NOT NULL UNIQUE, `created_at` DATETIME NOT NULL, `updated_at` DATETIME NOT NULL, UNIQUE `Users_email_unique` (`email`), PRIMARY KEY (`id`)) ENGINE=InnoDB;","timestamp":"2017-10-26T01:05:19.580Z"}
{"level":"info","message":"Thu Oct 26 2017 09:05:19 GMT+0800 (CST) Executing (default): SHOW INDEX FROM `Users`","timestamp":"2017-10-26T01:05:19.583Z"}
{"level":"info","message":"Thu Oct 26 2017 09:05:19 GMT+0800 (CST) Executing (default): CREATE TABLE IF NOT EXISTS `Tasks` (`id` INTEGER auto_increment , `title` VARCHAR(255) NOT NULL, `done` TINYINT(1) NOT NULL DEFAULT false, `created_at` DATETIME NOT NULL, `updated_at` DATETIME NOT NULL, `user_id` INTEGER, PRIMARY KEY (`id`), FOREIGN KEY (`user_id`) REFERENCES `Users` (`id`) ON DELETE SET NULL ON UPDATE CASCADE) ENGINE=InnoDB;","timestamp":"2017-10-26T01:05:19.588Z"}
{"level":"info","message":"Thu Oct 26 2017 09:05:19 GMT+0800 (CST) Executing (default): SHOW INDEX FROM `Tasks`","timestamp":"2017-10-26T01:05:19.589Z"}
{"level":"info","message":"Thu Oct 26 2017 09:07:20 GMT+0800 (CST) Executing (default): CREATE TABLE IF NOT EXISTS `Users` (`id` INTEGER auto_increment , `name` VARCHAR(255) NOT NULL, `password` VARCHAR(255) NOT NULL, `email` VARCHAR(255) NOT NULL UNIQUE, `created_at` DATETIME NOT NULL, `updated_at` DATETIME NOT NULL, UNIQUE `Users_email_unique` (`email`), PRIMARY KEY (`id`)) ENGINE=InnoDB;","timestamp":"2017-10-26T01:07:20.893Z"}
{"level":"info","message":"Thu Oct 26 2017 09:07:20 GMT+0800 (CST) Executing (default): SHOW INDEX FROM `Users`","timestamp":"2017-10-26T01:07:20.897Z"}
{"level":"info","message":"Thu Oct 26 2017 09:07:20 GMT+0800 (CST) Executing (default): CREATE TABLE IF NOT EXISTS `Tasks` (`id` INTEGER auto_increment , `title` VARCHAR(255) NOT NULL, `done` TINYINT(1) NOT NULL DEFAULT false, `created_at` DATETIME NOT NULL, `updated_at` DATETIME NOT NULL, `user_id` INTEGER, PRIMARY KEY (`id`), FOREIGN KEY (`user_id`) REFERENCES `Users` (`id`) ON DELETE SET NULL ON UPDATE CASCADE) ENGINE=InnoDB;","timestamp":"2017-10-26T01:07:20.901Z"}
{"level":"info","message":"Thu Oct 26 2017 09:07:20 GMT+0800 (CST) Executing (default): SHOW INDEX FROM `Tasks`","timestamp":"2017-10-26T01:07:20.902Z"}
{"level":"info","message":"Thu Oct 26 2017 09:15:06 GMT+0800 (CST) Executing (default): CREATE TABLE IF NOT EXISTS `Users` (`id` INTEGER auto_increment , `name` VARCHAR(255) NOT NULL, `password` VARCHAR(255) NOT NULL, `email` VARCHAR(255) NOT NULL UNIQUE, `created_at` DATETIME NOT NULL, `updated_at` DATETIME NOT NULL, UNIQUE `Users_email_unique` (`email`), PRIMARY KEY (`id`)) ENGINE=InnoDB;","timestamp":"2017-10-26T01:15:06.961Z"}
{"level":"info","message":"Thu Oct 26 2017 09:15:06 GMT+0800 (CST) Executing (default): SHOW INDEX FROM `Users`","timestamp":"2017-10-26T01:15:06.965Z"}
{"level":"info","message":"Thu Oct 26 2017 09:15:06 GMT+0800 (CST) Executing (default): CREATE TABLE IF NOT EXISTS `Tasks` (`id` INTEGER auto_increment , `title` VARCHAR(255) NOT NULL, `done` TINYINT(1) NOT NULL DEFAULT false, `created_at` DATETIME NOT NULL, `updated_at` DATETIME NOT NULL, `user_id` INTEGER, PRIMARY KEY (`id`), FOREIGN KEY (`user_id`) REFERENCES `Users` (`id`) ON DELETE SET NULL ON UPDATE CASCADE) ENGINE=InnoDB;","timestamp":"2017-10-26T01:15:06.970Z"}
{"level":"info","message":"Thu Oct 26 2017 09:15:06 GMT+0800 (CST) Executing (default): SHOW INDEX FROM `Tasks`","timestamp":"2017-10-26T01:15:06.971Z"}
{"level":"info","message":"Thu Oct 26 2017 09:15:09 GMT+0800 (CST) Executing (default): SELECT `id`, `title`, `done`, `created_at`, `updated_at`, `user_id` FROM `Tasks` AS `Tasks`;","timestamp":"2017-10-26T01:15:09.419Z"}
{"level":"info","message":"Thu Oct 26 2017 09:15:13 GMT+0800 (CST) Executing (default): SELECT `id`, `title`, `done`, `created_at`, `updated_at`, `user_id` FROM `Tasks` AS `Tasks`;","timestamp":"2017-10-26T01:15:13.823Z"}
{"level":"info","message":"Thu Oct 26 2017 09:15:24 GMT+0800 (CST) Executing (default): SELECT `id`, `title`, `done`, `created_at`, `updated_at`, `user_id` FROM `Tasks` AS `Tasks`;","timestamp":"2017-10-26T01:15:24.464Z"}
{"level":"info","message":"Thu Oct 26 2017 09:25:02 GMT+0800 (CST) Executing (default): SELECT `id`, `title`, `done`, `created_at`, `updated_at`, `user_id` FROM `Tasks` AS `Tasks`;","timestamp":"2017-10-26T01:25:02.235Z"}
{"level":"info","message":"Thu Oct 26 2017 09:25:07 GMT+0800 (CST) Executing (default): SELECT `id`, `title`, `done`, `created_at`, `updated_at`, `user_id` FROM `Tasks` AS `Tasks`;","timestamp":"2017-10-26T01:25:07.787Z"}
{"level":"info","message":"Thu Oct 26 2017 09:37:51 GMT+0800 (CST) Executing (default): CREATE TABLE IF NOT EXISTS `Users` (`id` INTEGER auto_increment , `name` VARCHAR(255) NOT NULL, `password` VARCHAR(255) NOT NULL, `email` VARCHAR(255) NOT NULL UNIQUE, `created_at` DATETIME NOT NULL, `updated_at` DATETIME NOT NULL, UNIQUE `Users_email_unique` (`email`), PRIMARY KEY (`id`)) ENGINE=InnoDB;","timestamp":"2017-10-26T01:37:51.157Z"}
{"level":"info","message":"Thu Oct 26 2017 09:37:51 GMT+0800 (CST) Executing (default): SHOW INDEX FROM `Users`","timestamp":"2017-10-26T01:37:51.161Z"}
{"level":"info","message":"Thu Oct 26 2017 09:37:51 GMT+0800 (CST) Executing (default): CREATE TABLE IF NOT EXISTS `Tasks` (`id` INTEGER auto_increment , `title` VARCHAR(255) NOT NULL, `done` TINYINT(1) NOT NULL DEFAULT false, `created_at` DATETIME NOT NULL, `updated_at` DATETIME NOT NULL, `user_id` INTEGER, PRIMARY KEY (`id`), FOREIGN KEY (`user_id`) REFERENCES `Users` (`id`) ON DELETE SET NULL ON UPDATE CASCADE) ENGINE=InnoDB;","timestamp":"2017-10-26T01:37:51.166Z"}
{"level":"info","message":"Thu Oct 26 2017 09:37:51 GMT+0800 (CST) Executing (default): SHOW INDEX FROM `Tasks`","timestamp":"2017-10-26T01:37:51.167Z"}
{"level":"info","message":"Thu Oct 26 2017 09:41:14 GMT+0800 (CST) Executing (default): CREATE TABLE IF NOT EXISTS `Users` (`id` INTEGER auto_increment , `name` VARCHAR(255) NOT NULL, `password` VARCHAR(255) NOT NULL, `email` VARCHAR(255) NOT NULL UNIQUE, `created_at` DATETIME NOT NULL, `updated_at` DATETIME NOT NULL, UNIQUE `Users_email_unique` (`email`), PRIMARY KEY (`id`)) ENGINE=InnoDB;","timestamp":"2017-10-26T01:41:14.906Z"}
{"level":"info","message":"Thu Oct 26 2017 09:41:14 GMT+0800 (CST) Executing (default): SHOW INDEX FROM `Users`","timestamp":"2017-10-26T01:41:14.954Z"}
{"level":"info","message":"Thu Oct 26 2017 09:41:14 GMT+0800 (CST) Executing (default): CREATE TABLE IF NOT EXISTS `Tasks` (`id` INTEGER auto_increment , `title` VARCHAR(255) NOT NULL, `done` TINYINT(1) NOT NULL DEFAULT false, `created_at` DATETIME NOT NULL, `updated_at` DATETIME NOT NULL, `user_id` INTEGER, PRIMARY KEY (`id`), FOREIGN KEY (`user_id`) REFERENCES `Users` (`id`) ON DELETE SET NULL ON UPDATE CASCADE) ENGINE=InnoDB;","timestamp":"2017-10-26T01:41:14.960Z"}
{"level":"info","message":"Thu Oct 26 2017 09:41:15 GMT+0800 (CST) Executing (default): SHOW INDEX FROM `Tasks`","timestamp":"2017-10-26T01:41:15.070Z"}
{"level":"info","message":"Thu Oct 26 2017 11:09:41 GMT+0800 (CST) Executing (default): CREATE TABLE IF NOT EXISTS `Tasks` (`id` INTEGER NOT NULL auto_increment , `title` VARCHAR(255), `done` TINYINT(1), `created_at` DATETIME NOT NULL, `updated_at` DATETIME NOT NULL, PRIMARY KEY (`id`)) ENGINE=InnoDB;","timestamp":"2017-10-26T03:09:41.408Z"}
{"level":"info","message":"Thu Oct 26 2017 11:09:41 GMT+0800 (CST) Executing (default): SHOW INDEX FROM `Tasks`","timestamp":"2017-10-26T03:09:41.412Z"}
{"level":"info","message":"Thu Oct 26 2017 11:09:41 GMT+0800 (CST) Executing (default): CREATE TABLE IF NOT EXISTS `Users` (`id` INTEGER NOT NULL auto_increment , `name` VARCHAR(255), `password` VARCHAR(255), `email` VARCHAR(255), `created_at` DATETIME NOT NULL, `updated_at` DATETIME NOT NULL, PRIMARY KEY (`id`)) ENGINE=InnoDB;","timestamp":"2017-10-26T03:09:41.416Z"}
{"level":"info","message":"Thu Oct 26 2017 11:09:41 GMT+0800 (CST) Executing (default): SHOW INDEX FROM `Users`","timestamp":"2017-10-26T03:09:41.417Z"}
{"level":"info","message":"Thu Oct 26 2017 15:05:21 GMT+0800 (CST) Executing (default): CREATE TABLE IF NOT EXISTS `Tasks` (`id` INTEGER NOT NULL auto_increment , `title` VARCHAR(255), `done` TINYINT(1), `created_at` DATETIME NOT NULL, `updated_at` DATETIME NOT NULL, PRIMARY KEY (`id`)) ENGINE=InnoDB;","timestamp":"2017-10-26T07:05:21.334Z"}
{"level":"info","message":"Thu Oct 26 2017 15:05:21 GMT+0800 (CST) Executing (default): SHOW INDEX FROM `Tasks`","timestamp":"2017-10-26T07:05:21.338Z"}
{"level":"info","message":"Thu Oct 26 2017 15:05:21 GMT+0800 (CST) Executing (default): CREATE TABLE IF NOT EXISTS `Users` (`id` INTEGER NOT NULL auto_increment , `name` VARCHAR(255), `password` VARCHAR(255), `email` VARCHAR(255), `created_at` DATETIME NOT NULL, `updated_at` DATETIME NOT NULL, PRIMARY KEY (`id`)) ENGINE=InnoDB;","timestamp":"2017-10-26T07:05:21.342Z"}
{"level":"info","message":"Thu Oct 26 2017 15:05:21 GMT+0800 (CST) Executing (default): SHOW INDEX FROM `Users`","timestamp":"2017-10-26T07:05:21.343Z"}
{"level":"info","message":"Thu Oct 26 2017 15:09:24 GMT+0800 (CST) Executing (default): CREATE TABLE IF NOT EXISTS `Tasks` (`id` INTEGER NOT NULL auto_increment , `title` VARCHAR(255), `done` TINYINT(1), `created_at` DATETIME NOT NULL, `updated_at` DATETIME NOT NULL, PRIMARY KEY (`id`)) ENGINE=InnoDB;","timestamp":"2017-10-26T07:09:24.228Z"}
{"level":"info","message":"Thu Oct 26 2017 15:09:24 GMT+0800 (CST) Executing (default): SHOW INDEX FROM `Tasks`","timestamp":"2017-10-26T07:09:24.232Z"}
{"level":"info","message":"Thu Oct 26 2017 15:09:24 GMT+0800 (CST) Executing (default): CREATE TABLE IF NOT EXISTS `Users` (`id` INTEGER NOT NULL auto_increment , `name` VARCHAR(255), `password` VARCHAR(255), `email` VARCHAR(255), `created_at` DATETIME NOT NULL, `updated_at` DATETIME NOT NULL, PRIMARY KEY (`id`)) ENGINE=InnoDB;","timestamp":"2017-10-26T07:09:24.236Z"}
{"level":"info","message":"Thu Oct 26 2017 15:09:24 GMT+0800 (CST) Executing (default): SHOW INDEX FROM `Users`","timestamp":"2017-10-26T07:09:24.237Z"}
{"level":"info","message":"Thu Oct 26 2017 15:22:19 GMT+0800 (CST) Executing (default): CREATE TABLE IF NOT EXISTS `Tasks` (`id` INTEGER NOT NULL auto_increment , `title` VARCHAR(30), `done` TINYINT(1), `created_at` DATETIME NOT NULL, `updated_at` DATETIME NOT NULL, PRIMARY KEY (`id`)) ENGINE=InnoDB;","timestamp":"2017-10-26T07:22:19.139Z"}
{"level":"info","message":"Thu Oct 26 2017 15:22:19 GMT+0800 (CST) Executing (default): SHOW INDEX FROM `Tasks`","timestamp":"2017-10-26T07:22:19.143Z"}
{"level":"info","message":"Thu Oct 26 2017 15:22:19 GMT+0800 (CST) Executing (default): CREATE TABLE IF NOT EXISTS `Users` (`id` INTEGER NOT NULL auto_increment , `name` VARCHAR(10), `password` VARCHAR(6), `email` VARCHAR(20), `created_at` DATETIME NOT NULL, `updated_at` DATETIME NOT NULL, PRIMARY KEY (`id`)) ENGINE=InnoDB;","timestamp":"2017-10-26T07:22:19.147Z"}
{"level":"info","message":"Thu Oct 26 2017 15:22:19 GMT+0800 (CST) Executing (default): SHOW INDEX FROM `Users`","timestamp":"2017-10-26T07:22:19.148Z"}
{"level":"info","message":"Thu Oct 26 2017 15:25:03 GMT+0800 (CST) Executing (default): CREATE TABLE IF NOT EXISTS `Tasks` (`id` INTEGER NOT NULL auto_increment , `title` VARCHAR(30), `done` TINYINT(1), `created_at` DATETIME NOT NULL, `updated_at` DATETIME NOT NULL, PRIMARY KEY (`id`)) ENGINE=InnoDB;","timestamp":"2017-10-26T07:25:03.331Z"}
{"level":"info","message":"Thu Oct 26 2017 15:25:03 GMT+0800 (CST) Executing (default): SHOW INDEX FROM `Tasks`","timestamp":"2017-10-26T07:25:03.335Z"}
{"level":"info","message":"Thu Oct 26 2017 15:25:03 GMT+0800 (CST) Executing (default): CREATE TABLE IF NOT EXISTS `Users` (`id` INTEGER NOT NULL auto_increment , `name` VARCHAR(10), `password` VARCHAR(6), `email` VARCHAR(20), `created_at` DATETIME NOT NULL, `updated_at` DATETIME NOT NULL, PRIMARY KEY (`id`)) ENGINE=InnoDB;","timestamp":"2017-10-26T07:25:03.340Z"}
{"level":"info","message":"Thu Oct 26 2017 15:25:03 GMT+0800 (CST) Executing (default): SHOW INDEX FROM `Users`","timestamp":"2017-10-26T07:25:03.341Z"}
{"level":"info","message":"Thu Oct 26 2017 15:26:12 GMT+0800 (CST) Executing (default): CREATE TABLE IF NOT EXISTS `Tasks` (`id` INTEGER NOT NULL auto_increment , `title` VARCHAR(30), `done` TINYINT(1), `created_at` DATETIME NOT NULL, `updated_at` DATETIME NOT NULL, PRIMARY KEY (`id`)) ENGINE=InnoDB;","timestamp":"2017-10-26T07:26:12.574Z"}
{"level":"info","message":"Thu Oct 26 2017 15:26:12 GMT+0800 (CST) Executing (default): SHOW INDEX FROM `Tasks`","timestamp":"2017-10-26T07:26:12.578Z"}
{"level":"info","message":"Thu Oct 26 2017 15:26:12 GMT+0800 (CST) Executing (default): CREATE TABLE IF NOT EXISTS `Users` (`id` INTEGER NOT NULL auto_increment , `name` VARCHAR(10), `password` VARCHAR(6), `email` VARCHAR(20), `created_at` DATETIME NOT NULL, `updated_at` DATETIME NOT NULL, PRIMARY KEY (`id`)) ENGINE=InnoDB;","timestamp":"2017-10-26T07:26:12.582Z"}
{"level":"info","message":"Thu Oct 26 2017 15:26:12 GMT+0800 (CST) Executing (default): SHOW INDEX FROM `Users`","timestamp":"2017-10-26T07:26:12.583Z"}
{"level":"info","message":"Thu Oct 26 2017 15:43:01 GMT+0800 (CST) Executing (default): CREATE TABLE IF NOT EXISTS `Tasks` (`id` INTEGER NOT NULL auto_increment , `title` VARCHAR(30), `done` TINYINT(1), `created_at` DATETIME NOT NULL, `updated_at` DATETIME NOT NULL, PRIMARY KEY (`id`)) ENGINE=InnoDB;","timestamp":"2017-10-26T07:43:01.512Z"}
{"level":"info","message":"Thu Oct 26 2017 15:43:01 GMT+0800 (CST) Executing (default): SHOW INDEX FROM `Tasks`","timestamp":"2017-10-26T07:43:01.516Z"}
{"level":"info","message":"Thu Oct 26 2017 15:43:01 GMT+0800 (CST) Executing (default): CREATE TABLE IF NOT EXISTS `Users` (`id` INTEGER auto_increment , `name` VARCHAR(10), `password` VARCHAR(6), `email` VARCHAR(20), `created_at` DATETIME NOT NULL, `updated_at` DATETIME NOT NULL, PRIMARY KEY (`id`)) ENGINE=InnoDB;","timestamp":"2017-10-26T07:43:01.520Z"}
{"level":"info","message":"Thu Oct 26 2017 15:43:01 GMT+0800 (CST) Executing (default): SHOW INDEX FROM `Users`","timestamp":"2017-10-26T07:43:01.521Z"}
{"level":"info","message":"Thu Oct 26 2017 15:53:27 GMT+0800 (CST) Executing (default): CREATE TABLE IF NOT EXISTS `Tasks` (`id` INTEGER NOT NULL auto_increment , `title` VARCHAR(30), `done` TINYINT(1), `created_at` DATETIME NOT NULL, `updated_at` DATETIME NOT NULL, PRIMARY KEY (`id`)) ENGINE=InnoDB;","timestamp":"2017-10-26T07:53:27.140Z"}
{"level":"info","message":"Thu Oct 26 2017 15:53:27 GMT+0800 (CST) Executing (default): SHOW INDEX FROM `Tasks`","timestamp":"2017-10-26T07:53:27.144Z"}
{"level":"info","message":"Thu Oct 26 2017 15:53:27 GMT+0800 (CST) Executing (default): CREATE TABLE IF NOT EXISTS `Users` (`id` INTEGER auto_increment , `name` VARCHAR(10), `password` VARCHAR(6), `email` VARCHAR(20), `created_at` DATETIME NOT NULL, `updated_at` DATETIME NOT NULL, PRIMARY KEY (`id`)) ENGINE=InnoDB;","timestamp":"2017-10-26T07:53:27.148Z"}
{"level":"info","message":"Thu Oct 26 2017 15:53:27 GMT+0800 (CST) Executing (default): SHOW INDEX FROM `Users`","timestamp":"2017-10-26T07:53:27.149Z"}
{"level":"info","message":"Thu Oct 26 2017 15:59:52 GMT+0800 (CST) Executing (default): CREATE TABLE IF NOT EXISTS `Tasks` (`id` INTEGER NOT NULL auto_increment , `title` VARCHAR(30), `done` TINYINT(1), `created_at` DATETIME NOT NULL, `updated_at` DATETIME NOT NULL, PRIMARY KEY (`id`)) ENGINE=InnoDB;","timestamp":"2017-10-26T07:59:52.372Z"}
{"level":"info","message":"Thu Oct 26 2017 15:59:52 GMT+0800 (CST) Executing (default): SHOW INDEX FROM `Tasks`","timestamp":"2017-10-26T07:59:52.376Z"}
{"level":"info","message":"Thu Oct 26 2017 15:59:52 GMT+0800 (CST) Executing (default): CREATE TABLE IF NOT EXISTS `Users` (`id` INTEGER auto_increment , `name` VARCHAR(10), `password` VARCHAR(6), `email` VARCHAR(20), `created_at` DATETIME NOT NULL, `updated_at` DATETIME NOT NULL, PRIMARY KEY (`id`)) ENGINE=InnoDB;","timestamp":"2017-10-26T07:59:52.380Z"}
{"level":"info","message":"Thu Oct 26 2017 15:59:52 GMT+0800 (CST) Executing (default): SHOW INDEX FROM `Users`","timestamp":"2017-10-26T07:59:52.381Z"}
{"level":"info","message":"Thu Oct 26 2017 16:05:31 GMT+0800 (CST) Executing (default): CREATE TABLE IF NOT EXISTS `Tasks` (`id` INTEGER NOT NULL auto_increment , `title` VARCHAR(30), `done` TINYINT(1), `created_at` DATETIME NOT NULL, `updated_at` DATETIME NOT NULL, PRIMARY KEY (`id`)) ENGINE=InnoDB;","timestamp":"2017-10-26T08:05:31.959Z"}
{"level":"info","message":"Thu Oct 26 2017 16:05:31 GMT+0800 (CST) Executing (default): SHOW INDEX FROM `Tasks`","timestamp":"2017-10-26T08:05:31.964Z"}
{"level":"info","message":"Thu Oct 26 2017 16:05:31 GMT+0800 (CST) Executing (default): CREATE TABLE IF NOT EXISTS `Users` (`id` INTEGER auto_increment , `name` VARCHAR(10), `password` VARCHAR(6), `email` VARCHAR(20), `created_at` DATETIME NOT NULL, `updated_at` DATETIME NOT NULL, PRIMARY KEY (`id`)) ENGINE=InnoDB;","timestamp":"2017-10-26T08:05:31.968Z"}
{"level":"info","message":"Thu Oct 26 2017 16:05:31 GMT+0800 (CST) Executing (default): SHOW INDEX FROM `Users`","timestamp":"2017-10-26T08:05:31.969Z"}
{"level":"info","message":"Thu Oct 26 2017 16:08:00 GMT+0800 (CST) Executing (default): CREATE TABLE IF NOT EXISTS `Tasks` (`id` INTEGER NOT NULL auto_increment , `title` VARCHAR(30), `done` TINYINT(1), `created_at` DATETIME NOT NULL, `updated_at` DATETIME NOT NULL, PRIMARY KEY (`id`)) ENGINE=InnoDB;","timestamp":"2017-10-26T08:08:00.913Z"}
{"level":"info","message":"Thu Oct 26 2017 16:08:00 GMT+0800 (CST) Executing (default): SHOW INDEX FROM `Tasks`","timestamp":"2017-10-26T08:08:00.917Z"}
{"level":"info","message":"Thu Oct 26 2017 16:08:00 GMT+0800 (CST) Executing (default): CREATE TABLE IF NOT EXISTS `Users` (`id` INTEGER auto_increment , `name` VARCHAR(10), `password` VARCHAR(6), `email` VARCHAR(20), `created_at` DATETIME NOT NULL, `updated_at` DATETIME NOT NULL, PRIMARY KEY (`id`)) ENGINE=InnoDB;","timestamp":"2017-10-26T08:08:00.921Z"}
{"level":"info","message":"Thu Oct 26 2017 16:08:00 GMT+0800 (CST) Executing (default): SHOW INDEX FROM `Users`","timestamp":"2017-10-26T08:08:00.922Z"}
{"level":"info","message":"Thu Oct 26 2017 16:08:41 GMT+0800 (CST) Executing (default): CREATE TABLE IF NOT EXISTS `Tasks` (`id` INTEGER NOT NULL auto_increment , `title` VARCHAR(30), `done` TINYINT(1), `created_at` DATETIME NOT NULL, `updated_at` DATETIME NOT NULL, PRIMARY KEY (`id`)) ENGINE=InnoDB;","timestamp":"2017-10-26T08:08:41.933Z"}
{"level":"info","message":"Thu Oct 26 2017 16:08:41 GMT+0800 (CST) Executing (default): SHOW INDEX FROM `Tasks`","timestamp":"2017-10-26T08:08:41.937Z"}
{"level":"info","message":"Thu Oct 26 2017 16:08:41 GMT+0800 (CST) Executing (default): CREATE TABLE IF NOT EXISTS `Users` (`id` INTEGER auto_increment , `name` VARCHAR(10), `password` VARCHAR(6), `email` VARCHAR(20), `created_at` DATETIME NOT NULL, `updated_at` DATETIME NOT NULL, PRIMARY KEY (`id`)) ENGINE=InnoDB;","timestamp":"2017-10-26T08:08:41.941Z"}
{"level":"info","message":"Thu Oct 26 2017 16:08:41 GMT+0800 (CST) Executing (default): SHOW INDEX FROM `Users`","timestamp":"2017-10-26T08:08:41.942Z"}
{"level":"info","message":"Thu Oct 26 2017 16:18:09 GMT+0800 (CST) Executing (default): CREATE TABLE IF NOT EXISTS `Tasks` (`id` INTEGER NOT NULL auto_increment , `title` VARCHAR(30), `done` TINYINT(1), `created_at` DATETIME NOT NULL, `updated_at` DATETIME NOT NULL, PRIMARY KEY (`id`)) ENGINE=InnoDB;","timestamp":"2017-10-26T08:18:09.977Z"}
{"level":"info","message":"Thu Oct 26 2017 16:18:09 GMT+0800 (CST) Executing (default): SHOW INDEX FROM `Tasks`","timestamp":"2017-10-26T08:18:09.981Z"}
{"level":"info","message":"Thu Oct 26 2017 16:18:09 GMT+0800 (CST) Executing (default): CREATE TABLE IF NOT EXISTS `Users` (`id` INTEGER auto_increment , `name` VARCHAR(10), `password` VARCHAR(6), `email` VARCHAR(20), `created_at` DATETIME NOT NULL, `updated_at` DATETIME NOT NULL, PRIMARY KEY (`id`)) ENGINE=InnoDB;","timestamp":"2017-10-26T08:18:09.985Z"}
{"level":"info","message":"Thu Oct 26 2017 16:18:09 GMT+0800 (CST) Executing (default): SHOW INDEX FROM `Users`","timestamp":"2017-10-26T08:18:09.986Z"}
{"level":"info","message":"Thu Oct 26 2017 16:32:09 GMT+0800 (CST) Executing (default): CREATE TABLE IF NOT EXISTS `Tasks` (`id` INTEGER NOT NULL auto_increment , `title` VARCHAR(30), `done` TINYINT(1), `created_at` DATETIME NOT NULL, `updated_at` DATETIME NOT NULL, PRIMARY KEY (`id`)) ENGINE=InnoDB;","timestamp":"2017-10-26T08:32:09.795Z"}
{"level":"info","message":"Thu Oct 26 2017 16:32:09 GMT+0800 (CST) Executing (default): SHOW INDEX FROM `Tasks`","timestamp":"2017-10-26T08:32:09.799Z"}
{"level":"info","message":"Thu Oct 26 2017 16:32:09 GMT+0800 (CST) Executing (default): CREATE TABLE IF NOT EXISTS `Users` (`id` INTEGER auto_increment , `name` VARCHAR(10), `password` VARCHAR(6), `email` VARCHAR(20), `created_at` DATETIME NOT NULL, `updated_at` DATETIME NOT NULL, PRIMARY KEY (`id`)) ENGINE=InnoDB;","timestamp":"2017-10-26T08:32:09.803Z"}
{"level":"info","message":"Thu Oct 26 2017 16:32:09 GMT+0800 (CST) Executing (default): SHOW INDEX FROM `Users`","timestamp":"2017-10-26T08:32:09.804Z"}
{"level":"info","message":"Thu Oct 26 2017 16:41:28 GMT+0800 (CST) Executing (default): CREATE TABLE IF NOT EXISTS `Tasks` (`id` INTEGER NOT NULL auto_increment , `title` VARCHAR(30), `done` TINYINT(1), `created_at` DATETIME NOT NULL, `updated_at` DATETIME NOT NULL, PRIMARY KEY (`id`)) ENGINE=InnoDB;","timestamp":"2017-10-26T08:41:28.659Z"}
{"level":"info","message":"Thu Oct 26 2017 16:41:28 GMT+0800 (CST) Executing (default): SHOW INDEX FROM `Tasks`","timestamp":"2017-10-26T08:41:28.670Z"}
{"level":"info","message":"Thu Oct 26 2017 16:41:28 GMT+0800 (CST) Executing (default): CREATE TABLE IF NOT EXISTS `Users` (`id` INTEGER auto_increment , `name` VARCHAR(10), `password` VARCHAR(6), `email` VARCHAR(20), `created_at` DATETIME NOT NULL, `updated_at` DATETIME NOT NULL, PRIMARY KEY (`id`)) ENGINE=InnoDB;","timestamp":"2017-10-26T08:41:28.674Z"}
{"level":"info","message":"Thu Oct 26 2017 16:41:28 GMT+0800 (CST) Executing (default): SHOW INDEX FROM `Users`","timestamp":"2017-10-26T08:41:28.675Z"}
{"level":"info","message":"Thu Oct 26 2017 16:41:50 GMT+0800 (CST) Executing (default): SELECT `id`, `title`, `done`, `created_at`, `updated_at` FROM `Tasks` AS `Tasks`;","timestamp":"2017-10-26T08:41:50.449Z"}
{"level":"info","message":"Thu Oct 26 2017 16:42:03 GMT+0800 (CST) Executing (default): SELECT `id`, `title`, `done`, `created_at`, `updated_at` FROM `Tasks` AS `Tasks`;","timestamp":"2017-10-26T08:42:03.879Z"}
{"level":"info","message":"Thu Oct 26 2017 16:42:11 GMT+0800 (CST) Executing (default): SELECT `id`, `title`, `done`, `created_at`, `updated_at` FROM `Tasks` AS `Tasks`;","timestamp":"2017-10-26T08:42:11.489Z"}
{"level":"info","message":"Thu Oct 26 2017 16:42:35 GMT+0800 (CST) Executing (default): CREATE TABLE IF NOT EXISTS `Tasks` (`id` INTEGER NOT NULL auto_increment , `title` VARCHAR(30), `done` TINYINT(1), `created_at` DATETIME NOT NULL, `updated_at` DATETIME NOT NULL, PRIMARY KEY (`id`)) ENGINE=InnoDB;","timestamp":"2017-10-26T08:42:35.621Z"}
{"level":"info","message":"Thu Oct 26 2017 16:42:35 GMT+0800 (CST) Executing (default): SHOW INDEX FROM `Tasks`","timestamp":"2017-10-26T08:42:35.627Z"}
{"level":"info","message":"Thu Oct 26 2017 16:42:35 GMT+0800 (CST) Executing (default): CREATE TABLE IF NOT EXISTS `Users` (`id` INTEGER auto_increment , `name` VARCHAR(10), `password` VARCHAR(6), `email` VARCHAR(20), `created_at` DATETIME NOT NULL, `updated_at` DATETIME NOT NULL, PRIMARY KEY (`id`)) ENGINE=InnoDB;","timestamp":"2017-10-26T08:42:35.631Z"}
{"level":"info","message":"Thu Oct 26 2017 16:42:35 GMT+0800 (CST) Executing (default): SHOW INDEX FROM `Users`","timestamp":"2017-10-26T08:42:35.633Z"}
{"level":"info","message":"Thu Oct 26 2017 16:42:37 GMT+0800 (CST) Executing (default): SELECT `id`, `title`, `done`, `created_at`, `updated_at` FROM `Tasks` AS `Tasks`;","timestamp":"2017-10-26T08:42:37.170Z"}
{"level":"info","message":"Thu Oct 26 2017 16:44:21 GMT+0800 (CST) Executing (default): SELECT `id`, `name`, `email` FROM `Users` AS `Users`;","timestamp":"2017-10-26T08:44:21.676Z"}
{"level":"info","message":"Thu Oct 26 2017 16:45:40 GMT+0800 (CST) Executing (default): CREATE TABLE IF NOT EXISTS `Tasks` (`id` INTEGER NOT NULL auto_increment , `title` VARCHAR(30), `done` TINYINT(1), `created_at` DATETIME NOT NULL, `updated_at` DATETIME NOT NULL, PRIMARY KEY (`id`)) ENGINE=InnoDB;","timestamp":"2017-10-26T08:45:40.090Z"}
{"level":"info","message":"Thu Oct 26 2017 16:45:40 GMT+0800 (CST) Executing (default): SHOW INDEX FROM `Tasks`","timestamp":"2017-10-26T08:45:40.094Z"}
{"level":"info","message":"Thu Oct 26 2017 16:45:40 GMT+0800 (CST) Executing (default): CREATE TABLE IF NOT EXISTS `Users` (`id` INTEGER auto_increment , `name` VARCHAR(10), `password` VARCHAR(6), `email` VARCHAR(20), `created_at` DATETIME NOT NULL, `updated_at` DATETIME NOT NULL, PRIMARY KEY (`id`)) ENGINE=InnoDB;","timestamp":"2017-10-26T08:45:40.101Z"}
{"level":"info","message":"Thu Oct 26 2017 16:45:40 GMT+0800 (CST) Executing (default): SHOW INDEX FROM `Users`","timestamp":"2017-10-26T08:45:40.102Z"}
{"level":"info","message":"Thu Oct 26 2017 16:48:34 GMT+0800 (CST) Executing (default): CREATE TABLE IF NOT EXISTS `Tasks` (`id` INTEGER NOT NULL auto_increment , `title` VARCHAR(30), `done` TINYINT(1), `created_at` DATETIME NOT NULL, `updated_at` DATETIME NOT NULL, PRIMARY KEY (`id`)) ENGINE=InnoDB;","timestamp":"2017-10-26T08:48:34.177Z"}
{"level":"info","message":"Thu Oct 26 2017 16:48:34 GMT+0800 (CST) Executing (default): SHOW INDEX FROM `Tasks`","timestamp":"2017-10-26T08:48:34.181Z"}
{"level":"info","message":"Thu Oct 26 2017 16:48:34 GMT+0800 (CST) Executing (default): CREATE TABLE IF NOT EXISTS `Users` (`id` INTEGER auto_increment , `name` VARCHAR(10), `password` VARCHAR(6), `email` VARCHAR(20), `created_at` DATETIME NOT NULL, `updated_at` DATETIME NOT NULL, PRIMARY KEY (`id`)) ENGINE=InnoDB;","timestamp":"2017-10-26T08:48:34.186Z"}
{"level":"info","message":"Thu Oct 26 2017 16:48:34 GMT+0800 (CST) Executing (default): SHOW INDEX FROM `Users`","timestamp":"2017-10-26T08:48:34.187Z"}
{"level":"info","message":"Thu Oct 26 2017 16:48:39 GMT+0800 (CST) Executing (default): SELECT `id`, `name`, `email` FROM `Users` AS `Users`;","timestamp":"2017-10-26T08:48:39.784Z"}
{"level":"info","message":"Thu Oct 26 2017 16:52:59 GMT+0800 (CST) Executing (default): CREATE TABLE IF NOT EXISTS `Tasks` (`id` INTEGER NOT NULL auto_increment , `title` VARCHAR(30), `done` TINYINT(1), `created_at` DATETIME NOT NULL, `updated_at` DATETIME NOT NULL, PRIMARY KEY (`id`)) ENGINE=InnoDB;","timestamp":"2017-10-26T08:52:59.025Z"}
{"level":"info","message":"Thu Oct 26 2017 16:52:59 GMT+0800 (CST) Executing (default): SHOW INDEX FROM `Tasks`","timestamp":"2017-10-26T08:52:59.029Z"}
{"level":"info","message":"Thu Oct 26 2017 16:52:59 GMT+0800 (CST) Executing (default): CREATE TABLE IF NOT EXISTS `Users` (`id` INTEGER auto_increment , `name` VARCHAR(10), `password` VARCHAR(6), `email` VARCHAR(20), `created_at` DATETIME NOT NULL, `updated_at` DATETIME NOT NULL, PRIMARY KEY (`id`)) ENGINE=InnoDB;","timestamp":"2017-10-26T08:52:59.034Z"}
{"level":"info","message":"Thu Oct 26 2017 16:52:59 GMT+0800 (CST) Executing (default): SHOW INDEX FROM `Users`","timestamp":"2017-10-26T08:52:59.035Z"}
{"level":"info","message":"Thu Oct 26 2017 16:53:02 GMT+0800 (CST) Executing (default): SELECT `id`, `title`, `done` FROM `Tasks` AS `Tasks`;","timestamp":"2017-10-26T08:53:02.601Z"}
{"level":"info","message":"Thu Oct 26 2017 16:53:17 GMT+0800 (CST) Executing (default): SELECT `id`, `title`, `done` FROM `Tasks` AS `Tasks`;","timestamp":"2017-10-26T08:53:17.194Z"}
{"level":"info","message":"Thu Oct 26 2017 16:53:20 GMT+0800 (CST) Executing (default): SELECT `id`, `title`, `done` FROM `Tasks` AS `Tasks`;","timestamp":"2017-10-26T08:53:20.520Z"}
{"level":"info","message":"Thu Oct 26 2017 16:53:53 GMT+0800 (CST) Executing (default): SELECT `id`, `title`, `done` FROM `Tasks` AS `Tasks`;","timestamp":"2017-10-26T08:53:53.276Z"}
